<?xml version="1.0" encoding="utf-8"?><testsuites name="pytest tests"><testsuite name="pytest" errors="0" failures="0" skipped="0" tests="9" time="28.037" timestamp="2026-08-18T16:05:34.935265+00:00" hostname="agent-env-3e65b846-2c51-4987-8993-3420bc911c54"><testcase classname="tests.test_vantage_ai.TestProfile" name="test_get_empty_profile" time="0.713" /><testcase classname="tests.test_vantage_ai.TestProfile" name="test_put_and_get_profile" time="0.150" /><testcase classname="tests.test_vantage_ai.TestAIChat" name="test_socratic_homework_no_direct_answer" time="8.289" /><testcase classname="tests.test_vantage_ai.TestAIChat" name="test_concept_question_structured" time="9.043" /><testcase classname="tests.test_vantage_ai.TestMessagePersistence" name="test_messages_stored_chronologically" time="0.075" /><testcase classname="tests.test_vantage_ai.TestMessagePersistence" name="test_delete_messages_clears" time="0.158" /><testcase classname="tests.test_vantage_ai.TestPersonalisation" name="test_ai_uses_real_exam_data" time="9.209" /><testcase classname="tests.test_vantage_ai.TestAuthRequired" name="test_chat_requires_auth" time="0.180" /><testcase classname="tests.test_vantage_ai.TestAuthRequired" name="test_messages_requires_auth" time="0.169" /></testsuite></testsuites>