<?xml version="1.0" encoding="utf-8"?><testsuites name="pytest tests"><testsuite name="pytest" errors="0" failures="0" skipped="0" tests="12" time="2.542" timestamp="2026-08-18T15:30:31.387246+00:00" hostname="agent-env-3e65b846-2c51-4987-8993-3420bc911c54"><testcase classname="tests.test_focusone_api.TestStudyTimetable" name="test_long_window_spreads_and_covers_topics" time="0.758" /><testcase classname="tests.test_focusone_api.TestAuth" name="test_login_after_register" time="1.111" /><testcase classname="tests.test_focusone_api.TestStudyTimetable" name="test_short_two_day_window" time="0.083" /><testcase classname="tests.test_focusone_api.TestStudyTimetable" name="test_past_exam_date_does_not_crash" time="0.267" /><testcase classname="tests.test_focusone_api.TestDashboard" name="test_dashboard_contains_expected_shape" time="0.080" /><testcase classname="tests.test_focusone_api.TestAuth" name="test_bad_password_login" time="0.389" /><testcase classname="tests.test_focusone_api.TestTasks" name="test_create_and_toggle_task" time="0.577" /><testcase classname="tests.test_focusone_api.TestAuth" name="test_duplicate_register_conflict" time="0.137" /><testcase classname="tests.test_focusone_api.TestAuth" name="test_me_requires_auth" time="0.176" /><testcase classname="tests.test_focusone_api.TestParse" name="test_parse_clean_topics" time="0.117" /><testcase classname="tests.test_focusone_api.TestFlashcards" name="test_create_and_list" time="0.144" /><testcase classname="tests.test_focusone_api.TestFocus" name="test_log_focus_increases_streak" time="0.340" /></testsuite></testsuites>